#
# A fatal error has been detected by the Java Runtime Environment:
#
#  Internal Error (javaClasses.cpp:126), pid=424, tid=3740
#  fatal error: Invalid layout of preloaded class
#
# JRE version:  (8.0_25-b18) (build )
# Java VM: Java HotSpot(TM) 64-Bit Server VM (25.25-b02 mixed mode windows-amd64 compressed oops)
# Failed to write core dump. Minidumps are not enabled by default on client versions of Windows
#
# If you would like to submit a bug report, please visit:
#   http://bugreport.sun.com/bugreport/crash.jsp
#

---------------  T H R E A D  ---------------

Current thread (0x0000000000fdd800):  JavaThread "Unknown thread" [_thread_in_vm, id=3740, stack(0x0000000002780000,0x0000000002880000)]

Stack: [0x0000000002780000,0x0000000002880000]
Native frames: (J=compiled Java code, j=interpreted, Vv=VM code, C=native code)
V  [jvm.dll+0x31667a]
V  [jvm.dll+0x267073]
V  [jvm.dll+0x267cb3]
V  [jvm.dll+0x25f536]
V  [jvm.dll+0x5e773]
V  [jvm.dll+0x5e863]
V  [jvm.dll+0x731ca]
V  [jvm.dll+0x73528]
V  [jvm.dll+0xe48b7]
V  [jvm.dll+0xe4c46]
V  [jvm.dll+0x1f9ae7]
V  [jvm.dll+0x22b2e4]
V  [jvm.dll+0x14d571]
C  [javaw.exe+0x20c6]
C  [javaw.exe+0xc9eb]
C  [javaw.exe+0xca7f]
C  [KERNEL32.DLL+0x13d2]
C  [ntdll.dll+0x15454]


---------------  P R O C E S S  ---------------

Java Threads: ( => current thread )

Other Threads:

=>0x0000000000fdd800 (exited) JavaThread "Unknown thread" [_thread_in_vm, id=3740, stack(0x0000000002780000,0x0000000002880000)]

VM state:not at safepoint (not fully initialized)

VM Mutex/Monitor currently owned by a thread: None

GC Heap History (0 events):
No events

Deoptimization events (0 events):
No events

Internal exceptions (0 events):
No events

Events (10 events):
Event: 0.032 loading class java/lang/CharSequence done
Event: 0.032 loading class java/lang/String done
Event: 0.032 loading class java/lang/Class
Event: 0.033 loading class java/lang/reflect/AnnotatedElement
Event: 0.033 loading class java/lang/reflect/AnnotatedElement done
Event: 0.033 loading class java/lang/reflect/GenericDeclaration
Event: 0.033 loading class java/lang/reflect/GenericDeclaration done
Event: 0.033 loading class java/lang/reflect/Type
Event: 0.033 loading class java/lang/reflect/Type done
Event: 0.033 loading class java/lang/Class done


Dynamic libraries:
0x00007ff7bbd20000 - 0x00007ff7bbd54000 	C:\Program Files\Java\jre1.8.0_25\bin\javaw.exe
0x00007ffb40c70000 - 0x00007ffb40e1c000 	C:\Windows\SYSTEM32\ntdll.dll
0x00007ffb401d0000 - 0x00007ffb4030e000 	C:\Windows\system32\KERNEL32.DLL
0x00007ffb3e080000 - 0x00007ffb3e195000 	C:\Windows\system32\KERNELBASE.dll
0x00007ffb3c970000 - 0x00007ffb3c9fe000 	C:\Windows\system32\apphelp.dll
0x00007ffb2bda0000 - 0x00007ffb2bdf3000 	C:\Windows\AppPatch\AppPatch64\AcGenral.DLL
0x00007ffb3e320000 - 0x00007ffb3e3ca000 	C:\Windows\system32\msvcrt.dll
0x00007ffb3dba0000 - 0x00007ffb3dbce000 	C:\Windows\SYSTEM32\SspiCli.dll
0x00007ffb40bf0000 - 0x00007ffb40c44000 	C:\Windows\system32\SHLWAPI.dll
0x00007ffb3fd00000 - 0x00007ffb3fe77000 	C:\Windows\system32\USER32.dll
0x00007ffb3fe80000 - 0x00007ffb40014000 	C:\Windows\system32\ole32.dll
0x00007ffb3e7e0000 - 0x00007ffb3fcf9000 	C:\Windows\system32\SHELL32.dll
0x00007ffb3d370000 - 0x00007ffb3d391000 	C:\Windows\SYSTEM32\USERENV.dll
0x00007ffb3e5e0000 - 0x00007ffb3e68a000 	C:\Windows\system32\ADVAPI32.dll
0x00007ffb37480000 - 0x00007ffb3749e000 	C:\Windows\SYSTEM32\MPR.dll
0x00007ffb40aa0000 - 0x00007ffb40be1000 	C:\Windows\system32\RPCRT4.dll
0x00007ffb40820000 - 0x00007ffb40879000 	C:\Windows\SYSTEM32\sechost.dll
0x00007ffb40420000 - 0x00007ffb40631000 	C:\Windows\SYSTEM32\combase.dll
0x00007ffb3e690000 - 0x00007ffb3e7e0000 	C:\Windows\system32\GDI32.dll
0x00007ffb3ddd0000 - 0x00007ffb3dde5000 	C:\Windows\SYSTEM32\profapi.dll
0x00007ffb3c420000 - 0x00007ffb3c4d2000 	C:\Windows\SYSTEM32\SHCORE.dll
0x00007ffb40310000 - 0x00007ffb40346000 	C:\Windows\system32\IMM32.DLL
0x00007ffb40880000 - 0x00007ffb409d2000 	C:\Windows\system32\MSCTF.dll
0x00007ffb3bb50000 - 0x00007ffb3bdca000 	C:\Windows\WinSxS\amd64_microsoft.windows.common-controls_6595b64144ccf1df_6.0.9600.17810_none_6240b9c7ecbd0bda\COMCTL32.dll
0x000000005d270000 - 0x000000005d342000 	C:\Program Files\Java\jre1.8.0_25\bin\msvcr100.dll
0x000000005ca10000 - 0x000000005d26a000 	C:\Program Files\Java\jre1.8.0_25\bin\server\jvm.dll
0x00007ffb22df0000 - 0x00007ffb22df9000 	C:\Windows\SYSTEM32\WSOCK32.dll
0x00007ffb2be30000 - 0x00007ffb2be52000 	C:\Windows\SYSTEM32\WINMM.dll
0x00007ffb3e5d0000 - 0x00007ffb3e5d7000 	C:\Windows\system32\PSAPI.DLL
0x00007ffb3e3d0000 - 0x00007ffb3e42a000 	C:\Windows\system32\WS2_32.dll
0x00007ffb2be00000 - 0x00007ffb2be2a000 	C:\Windows\SYSTEM32\WINMMBASE.dll
0x00007ffb40c60000 - 0x00007ffb40c69000 	C:\Windows\system32\NSI.dll
0x00007ffb3e250000 - 0x00007ffb3e29f000 	C:\Windows\SYSTEM32\cfgmgr32.dll
0x00007ffb3cbd0000 - 0x00007ffb3cbf8000 	C:\Windows\SYSTEM32\DEVOBJ.dll
0x000000005ca00000 - 0x000000005ca0f000 	C:\Program Files\Java\jre1.8.0_25\bin\verify.dll
0x000000005c9d0000 - 0x000000005c9f8000 	C:\Program Files\Java\jre1.8.0_25\bin\java.dll
0x000000005c9b0000 - 0x000000005c9c6000 	C:\Program Files\Java\jre1.8.0_25\bin\zip.dll
0x00007ffb36210000 - 0x00007ffb36399000 	C:\Windows\SYSTEM32\dbghelp.dll

VM Arguments:
jvm_args: -Dfile.encoding=Cp1252 -Xbootclasspath:C:\Users\acandalez\android-sdks\platforms\android-23\android.jar 
java_command: com.example.app.pruebas
java_class_path (initial): C:\Users\acandalez\Desktop\Java\Curso_703\gridlayout_v7\libs\android-support-v7-gridlayout.jar;C:\Users\acandalez\Desktop\Java\Curso_703\App\libs\android-support-v4.jar;C:\Users\acandalez\Desktop\Java\Curso_703\appcompat_v7\libs\android-support-v7-appcompat.jar;C:\Users\acandalez\Desktop\Java\Curso_703\appcompat_v7\bin\appcompat_v7.jar;C:\Users\acandalez\Desktop\Java\Curso_703\gridlayout_v7\bin\gridlayout_v7.jar;C:\Users\acandalez\Desktop\Java\Curso_703\App\bin\classes
Launcher Type: SUN_STANDARD

Environment Variables:
JAVA_HOME=C:\Program Files\Java\jdk1.8.0_11
PATH=C:/Program Files/Java/jre1.8.0_45/bin/server;C:/Program Files/Java/jre1.8.0_45/bin;C:/Program Files/Java/jre1.8.0_45/lib/amd64;C:\ProgramData\Oracle\Java\javapath;C:\oraclexe\app\oracle\product\10.2.0\server\bin;C:\Windows\system32;C:\Windows;C:\Windows\System32\Wbem;C:\Windows\System32\WindowsPowerShell\v1.0\;C:\Program Files\Microsoft SQL Server\120\DTS\Binn\;C:\Program Files\Microsoft SQL Server\Client SDK\ODBC\110\Tools\Binn\;C:\Program Files (x86)\Microsoft SQL Server\120\Tools\Binn\;C:\Program Files\Microsoft SQL Server\120\Tools\Binn\;C:\Program Files (x86)\Microsoft SQL Server\120\Tools\Binn\ManagementStudio\;C:\Program Files (x86)\Microsoft SQL Server\120\DTS\Binn\;C:\Program Files (x86)\IVI Foundation\VISA\WinNT\Bin;C:\Program Files\Microsoft\Web Platform Installer\;C:\Program Files (x86)\Microsoft ASP.NET\ASP.NET Web Pages\v1.0\;C:\Program Files (x86)\Windows Kits\8.0\Windows Performance Toolkit\;C:\Program Files\Microsoft SQL Server\110\Tools\Binn\;C:\xampp\php;C:\ProgramData\ComposerSetup\bin;C:\Users\acandalez\Downloads\eclipse-java-luna-SR2-win32-x86_64\eclipse;
USERNAME=alumno
OS=Windows_NT
PROCESSOR_IDENTIFIER=Intel64 Family 6 Model 58 Stepping 9, GenuineIntel



---------------  S Y S T E M  ---------------

OS: Windows 8.1 , 64 bit Build 9600 

CPU:total 4 (4 cores per cpu, 1 threads per core) family 6 model 58 stepping 9, cmov, cx8, fxsr, mmx, sse, sse2, sse3, ssse3, sse4.1, sse4.2, popcnt, avx, aes, clmul, erms, tsc, tscinvbit, tscinv

Memory: 4k page, physical 8073128k(3611692k free), swap 9318312k(2461512k free)

vm_info: Java HotSpot(TM) 64-Bit Server VM (25.25-b02) for windows-amd64 JRE (1.8.0_25-b18), built on Oct  7 2014 14:25:37 by "java_re" with MS VC++ 10.0 (VS2010)

time: Fri Sep 04 15:54:58 2015
elapsed time: 0 seconds (0d 0h 0m 0s)

